[2020-09-19T10:24:14.489] [INFO] app - 分析zoom:1,  X轴:0~2,  Y轴:0~1,   总数:6
[2020-09-19T10:24:14.500] [INFO] app - 开始下载,总次数:6
[2020-09-19T10:24:16.872] [INFO] app - 处理总数:6
[2020-09-19T10:24:16.872] [INFO] app - 开始校验...
[2020-09-19T10:24:16.873] [INFO] app - check finish
[2020-09-19T10:24:16.889] [INFO] app - 校验成功，失败Count:6,开始处理...
[2020-09-19T10:24:16.889] [INFO] app - 开始下载,总次数:6
[2020-09-19T10:24:19.275] [INFO] app - 处理总数:6
[2020-09-19T10:24:19.275] [INFO] app - 开始校验...
[2020-09-19T10:24:19.276] [INFO] app - check finish
[2020-09-19T10:24:19.277] [INFO] app - 校验成功，失败Count:6,开始处理...
[2020-09-19T10:24:19.277] [INFO] app - 开始下载,总次数:6
[2020-09-19T10:24:21.677] [INFO] app - 处理总数:6
[2020-09-19T10:24:21.678] [INFO] app - 开始校验...
[2020-09-19T10:24:21.678] [INFO] app - check finish
[2020-09-19T10:24:21.695] [INFO] app - 校验成功，失败Count:6,开始处理...
[2020-09-19T10:24:21.695] [INFO] app - 开始下载,总次数:6
[2020-09-19T10:24:24.112] [INFO] app - 处理总数:6
[2020-09-19T10:24:24.112] [INFO] app - 开始校验...
[2020-09-19T10:24:24.112] [INFO] app - check finish
[2020-09-19T10:24:24.129] [INFO] app - 校验成功，失败Count:6,开始处理...
[2020-09-19T10:24:24.129] [INFO] app - 开始下载,总次数:6
[2020-09-19T10:24:26.506] [INFO] app - 处理总数:6
[2020-09-19T10:24:26.506] [INFO] app - 开始校验...
[2020-09-19T10:24:26.507] [INFO] app - check finish
[2020-09-19T10:24:26.508] [INFO] app - 校验成功，失败Count:6,开始处理...
[2020-09-19T10:24:26.508] [INFO] app - 开始下载,总次数:6
[2020-09-19T10:24:28.853] [INFO] app - 处理总数:6
[2020-09-19T10:24:28.853] [INFO] app - 开始校验...
[2020-09-19T10:24:28.854] [INFO] app - check finish
[2020-09-19T10:24:28.854] [INFO] app - 校验成功，失败Count:6,开始处理...
[2020-09-19T10:24:28.854] [INFO] app - 开始下载,总次数:6
[2020-09-19T10:24:31.217] [INFO] app - 处理总数:6
[2020-09-19T10:24:31.217] [INFO] app - 开始校验...
[2020-09-19T10:24:31.217] [INFO] app - check finish
[2020-09-19T10:24:31.217] [INFO] app - 校验成功，失败Count:6,开始处理...
[2020-09-19T10:24:31.218] [INFO] app - 开始下载,总次数:6
